<?xml version="1.0" encoding="UTF-8"?>
<!-- Generated by org.testng.reporters.JUnitXMLReporter -->
<testsuite ignored="0" hostname="LAPTOP-G9RE70VK" failures="1" tests="1" name="Test(failed)" time="13.756" errors="0" timestamp="2022-08-09T14:09:29 IST">
  <testcase classname="com.crm.Sdet.product.CreateProduct" name="productCreate" time="7.514">
    <failure type="java.lang.AssertionError" message="expected [false] but found [true]">
      <![CDATA[java.lang.AssertionError: expected [false] but found [true]
at com.crm.Sdet.product.CreateProduct.productCreate(CreateProduct.java:59)
at java.base/java.util.ArrayList.forEach(ArrayList.java:1511)
... Removed 33 stack frames]]>
    </failure>
  </testcase> <!-- productCreate -->
</testsuite> <!-- Test(failed) -->
